Command line:
   AlUComponent_tb_isim_beh.exe
     -simmode  gui
     -simrunnum  0
     -socket  50363

Thu Apr 25 14:37:27 2024


 Elaboration Time: 0.015625 sec

 Current Memory Usage: 5150.67 Meg

 Total Signals          : 24
 Total Nets             : 147
 Total Signal Drivers   : 9
 Total Blocks           : 8
 Total Primitive Blocks : 6
 Total Processes        : 5
 Total Traceable Variables  : 21
 Total Scalar Nets and Variables : 654
Total Line Count : 44

 Total Simulation Time: 0.21875 sec

 Current Memory Usage: 5465.24 Meg

Thu Apr 25 14:38:20 2024

