Running: C:\Xilinx\14.7\ISE_DS\ISE\bin\nt64\unwrapped\fuse.exe -intstyle ise -incremental -lib secureip -o C:/Users/mo/Desktop/Project/MicroProcessor/AlUComponent_tb_isim_beh.exe -prj C:/Users/mo/Desktop/Project/MicroProcessor/AlUComponent_tb_beh.prj work.AlUComponent_tb 
ISim P.20131013 (signature 0x7708f090)
Number of CPUs detected in this system: 8
Turning on mult-threading, number of parallel sub-compilation jobs: 16 
Determining compilation order of HDL files
Parsing VHDL file "C:/Users/mo/Desktop/Project/MicroProcessor/ALUControlUnit.vhd" into library work
Parsing VHDL file "C:/Users/mo/Desktop/Project/MicroProcessor/ALU.vhd" into library work
Parsing VHDL file "C:/Users/mo/Desktop/Project/MicroProcessor/AlUComponent.vhd" into library work
Parsing VHDL file "C:/Users/mo/Desktop/Project/MicroProcessor/cssc.vhd" into library work
Starting static elaboration
Completed static elaboration
Compiling package standard
Compiling package std_logic_1164
Compiling package numeric_std
Compiling package std_logic_arith
Compiling package std_logic_unsigned
Compiling architecture behavioral of entity AluControlUnit [\AluControlUnit(6)\]
Compiling architecture behavioral of entity ALU [\ALU(32,6)\]
Compiling architecture behavioral of entity AlUComponent [\AlUComponent(6,32)\]
Compiling architecture bench of entity alucomponent_tb
Time Resolution for simulation is 1ps.
Waiting for 1 sub-compilation(s) to finish...
WARNING:Simulator - Unable to copy libPortabilityNOSH.dll to the simulation executable directory: boost::filesystem::copy_file: The system cannot find the path specified, "isim\AlUComponent_tb_isim_beh.exe.sim\libPortability.dll".
Compiled 12 VHDL Units
Built simulation executable C:/Users/mo/Desktop/Project/MicroProcessor/AlUComponent_tb_isim_beh.exe
Fuse Memory Usage: 37552 KB
Fuse CPU Usage: 421 ms
